# JRE version: OpenJDK Runtime Environment Temurin-21.0.9+10 (21.0.9+10) (build 21.0.9+10-LTS)
# Java VM: OpenJDK 64-Bit Server VM Temurin-21.0.9+10 (21.0.9+10-LTS, mixed mode, sharing, tiered, compressed oops, compressed class ptrs, parallel gc, windows-amd64)
GC Precious Log:
 CardTable entry size: 512
 CPUs: 16 total, 16 available
 Memory: 16063M
 Large Page Support: Disabled
 NUMA Support: Disabled
 Compressed Oops: Enabled (32-bit)
 Alignments: Space 512K, Generation 512K, Heap 2M
 Heap Min Capacity: 100M
 Heap Initial Capacity: 100M
 Heap Max Capacity: 2G
 Pre-touch: Disabled
 Parallel Workers: 13
Heap:
 PSYoungGen      total 12288K, used 9611K [0x00000000d5580000, 0x00000000d6580000, 0x0000000100000000)
  eden space 11264K, 76% used [0x00000000d5580000,0x00000000d5de72c0,0x00000000d6080000)
  from space 1024K, 98% used [0x00000000d6280000,0x00000000d637b9f0,0x00000000d6380000)
  to   space 2048K, 0% used [0x00000000d6080000,0x00000000d6080000,0x00000000d6280000)
 ParOldGen       total 89088K, used 88996K [0x0000000080000000, 0x0000000085700000, 0x00000000d5580000)
  object space 89088K, 99% used [0x0000000080000000,0x00000000856e93a0,0x0000000085700000)
 Metaspace       used 63453K, committed 64960K, reserved 1114112K
  class space    used 6654K, committed 7360K, reserved 1048576K
GC Heap History (20 events):
Event: 16.285 GC heap before
{Heap before GC invocations=114 (full 3):
 PSYoungGen      total 12800K, used 12704K [0x00000000d5580000, 0x00000000d6300000, 0x0000000100000000)
  eden space 12288K, 100% used [0x00000000d5580000,0x00000000d6180000,0x00000000d6180000)
  from space 512K, 81% used [0x00000000d6280000,0x00000000d62e8000,0x00000000d6300000)
  to   space 512K, 0% used [0x00000000d6200000,0x00000000d6200000,0x00000000d6280000)
 ParOldGen       total 83968K, used 83804K [0x0000000080000000, 0x0000000085200000, 0x00000000d5580000)
  object space 83968K, 99% used [0x0000000080000000,0x00000000851d7010,0x0000000085200000)
 Metaspace       used 59888K, committed 61376K, reserved 1114112K
  class space    used 6326K, committed 6976K, reserved 1048576K
}
Event: 16.286 GC heap after
{Heap after GC invocations=114 (full 3):
 PSYoungGen      total 12800K, used 384K [0x00000000d5580000, 0x00000000d6300000, 0x0000000100000000)
  eden space 12288K, 0% used [0x00000000d5580000,0x00000000d5580000,0x00000000d6180000)
  from space 512K, 75% used [0x00000000d6200000,0x00000000d6260000,0x00000000d6280000)
  to   space 512K, 0% used [0x00000000d6280000,0x00000000d6280000,0x00000000d6300000)
 ParOldGen       total 84480K, used 83980K [0x0000000080000000, 0x0000000085280000, 0x00000000d5580000)
  object space 84480K, 99% used [0x0000000080000000,0x0000000085203010,0x0000000085280000)
 Metaspace       used 59888K, committed 61376K, reserved 1114112K
  class space    used 6326K, committed 6976K, reserved 1048576K
}
Event: 16.302 GC heap before
{Heap before GC invocations=115 (full 3):
 PSYoungGen      total 12800K, used 12672K [0x00000000d5580000, 0x00000000d6300000, 0x0000000100000000)
  eden space 12288K, 100% used [0x00000000d5580000,0x00000000d6180000,0x00000000d6180000)
  from space 512K, 75% used [0x00000000d6200000,0x00000000d6260000,0x00000000d6280000)
  to   space 512K, 0% used [0x00000000d6280000,0x00000000d6280000,0x00000000d6300000)
 ParOldGen       total 84480K, used 83980K [0x0000000080000000, 0x0000000085280000, 0x00000000d5580000)
  object space 84480K, 99% used [0x0000000080000000,0x0000000085203010,0x0000000085280000)
 Metaspace       used 59890K, committed 61376K, reserved 1114112K
  class space    used 6326K, committed 6976K, reserved 1048576K
}
Event: 16.303 GC heap after
{Heap after GC invocations=115 (full 3):
 PSYoungGen      total 12800K, used 416K [0x00000000d5580000, 0x00000000d6300000, 0x0000000100000000)
  eden space 12288K, 0% used [0x00000000d5580000,0x00000000d5580000,0x00000000d6180000)
  from space 512K, 81% used [0x00000000d6280000,0x00000000d62e8000,0x00000000d6300000)
  to   space 512K, 0% used [0x00000000d6200000,0x00000000d6200000,0x00000000d6280000)
 ParOldGen       total 84480K, used 84252K [0x0000000080000000, 0x0000000085280000, 0x00000000d5580000)
  object space 84480K, 99% used [0x0000000080000000,0x0000000085247010,0x0000000085280000)
 Metaspace       used 59890K, committed 61376K, reserved 1114112K
  class space    used 6326K, committed 6976K, reserved 1048576K
}
Event: 16.316 GC heap before
{Heap before GC invocations=116 (full 3):
 PSYoungGen      total 12800K, used 12704K [0x00000000d5580000, 0x00000000d6300000, 0x0000000100000000)
  eden space 12288K, 100% used [0x00000000d5580000,0x00000000d6180000,0x00000000d6180000)
  from space 512K, 81% used [0x00000000d6280000,0x00000000d62e8000,0x00000000d6300000)
  to   space 512K, 0% used [0x00000000d6200000,0x00000000d6200000,0x00000000d6280000)
 ParOldGen       total 84480K, used 84252K [0x0000000080000000, 0x0000000085280000, 0x00000000d5580000)
  object space 84480K, 99% used [0x0000000080000000,0x0000000085247010,0x0000000085280000)
 Metaspace       used 59910K, committed 61376K, reserved 1114112K
  class space    used 6326K, committed 6976K, reserved 1048576K
}
Event: 16.317 GC heap after
{Heap after GC invocations=116 (full 3):
 PSYoungGen      total 12800K, used 448K [0x00000000d5580000, 0x00000000d6300000, 0x0000000100000000)
  eden space 12288K, 0% used [0x00000000d5580000,0x00000000d5580000,0x00000000d6180000)
  from space 512K, 87% used [0x00000000d6200000,0x00000000d6270000,0x00000000d6280000)
  to   space 512K, 0% used [0x00000000d6280000,0x00000000d6280000,0x00000000d6300000)
 ParOldGen       total 84992K, used 84516K [0x0000000080000000, 0x0000000085300000, 0x00000000d5580000)
  object space 84992K, 99% used [0x0000000080000000,0x0000000085289010,0x0000000085300000)
 Metaspace       used 59910K, committed 61376K, reserved 1114112K
  class space    used 6326K, committed 6976K, reserved 1048576K
}
Event: 16.331 GC heap before
{Heap before GC invocations=117 (full 3):
 PSYoungGen      total 12800K, used 12736K [0x00000000d5580000, 0x00000000d6300000, 0x0000000100000000)
  eden space 12288K, 100% used [0x00000000d5580000,0x00000000d6180000,0x00000000d6180000)
  from space 512K, 87% used [0x00000000d6200000,0x00000000d6270000,0x00000000d6280000)
  to   space 512K, 0% used [0x00000000d6280000,0x00000000d6280000,0x00000000d6300000)
 ParOldGen       total 84992K, used 84516K [0x0000000080000000, 0x0000000085300000, 0x00000000d5580000)
  object space 84992K, 99% used [0x0000000080000000,0x0000000085289010,0x0000000085300000)
 Metaspace       used 59920K, committed 61440K, reserved 1114112K
  class space    used 6327K, committed 6976K, reserved 1048576K
}
Event: 16.332 GC heap after
{Heap after GC invocations=117 (full 3):
 PSYoungGen      total 12800K, used 416K [0x00000000d5580000, 0x00000000d6300000, 0x0000000100000000)
  eden space 12288K, 0% used [0x00000000d5580000,0x00000000d5580000,0x00000000d6180000)
  from space 512K, 81% used [0x00000000d6280000,0x00000000d62e8000,0x00000000d6300000)
  to   space 512K, 0% used [0x00000000d6200000,0x00000000d6200000,0x00000000d6280000)
 ParOldGen       total 84992K, used 84772K [0x0000000080000000, 0x0000000085300000, 0x00000000d5580000)
  object space 84992K, 99% used [0x0000000080000000,0x00000000852c9010,0x0000000085300000)
 Metaspace       used 59920K, committed 61440K, reserved 1114112K
  class space    used 6327K, committed 6976K, reserved 1048576K
}
Event: 16.432 GC heap before
{Heap before GC invocations=118 (full 3):
 PSYoungGen      total 12800K, used 12704K [0x00000000d5580000, 0x00000000d6300000, 0x0000000100000000)
  eden space 12288K, 100% used [0x00000000d5580000,0x00000000d6180000,0x00000000d6180000)
  from space 512K, 81% used [0x00000000d6280000,0x00000000d62e8000,0x00000000d6300000)
  to   space 512K, 0% used [0x00000000d6200000,0x00000000d6200000,0x00000000d6280000)
 ParOldGen       total 84992K, used 84772K [0x0000000080000000, 0x0000000085300000, 0x00000000d5580000)
  object space 84992K, 99% used [0x0000000080000000,0x00000000852c9010,0x0000000085300000)
 Metaspace       used 60610K, committed 62080K, reserved 1114112K
  class space    used 6394K, committed 7040K, reserved 1048576K
}
Event: 16.434 GC heap after
{Heap after GC invocations=118 (full 3):
 PSYoungGen      total 12800K, used 480K [0x00000000d5580000, 0x00000000d6480000, 0x0000000100000000)
  eden space 12288K, 0% used [0x00000000d5580000,0x00000000d5580000,0x00000000d6180000)
  from space 512K, 93% used [0x00000000d6200000,0x00000000d6278020,0x00000000d6280000)
  to   space 1536K, 0% used [0x00000000d6300000,0x00000000d6300000,0x00000000d6480000)
 ParOldGen       total 85504K, used 85496K [0x0000000080000000, 0x0000000085380000, 0x00000000d5580000)
  object space 85504K, 99% used [0x0000000080000000,0x000000008537e230,0x0000000085380000)
 Metaspace       used 60610K, committed 62080K, reserved 1114112K
  class space    used 6394K, committed 7040K, reserved 1048576K
}
Event: 16.628 GC heap before
{Heap before GC invocations=119 (full 3):
 PSYoungGen      total 12800K, used 12768K [0x00000000d5580000, 0x00000000d6480000, 0x0000000100000000)
  eden space 12288K, 100% used [0x00000000d5580000,0x00000000d6180000,0x00000000d6180000)
  from space 512K, 93% used [0x00000000d6200000,0x00000000d6278020,0x00000000d6280000)
  to   space 1536K, 0% used [0x00000000d6300000,0x00000000d6300000,0x00000000d6480000)
 ParOldGen       total 85504K, used 85496K [0x0000000080000000, 0x0000000085380000, 0x00000000d5580000)
  object space 85504K, 99% used [0x0000000080000000,0x000000008537e230,0x0000000085380000)
 Metaspace       used 61253K, committed 62720K, reserved 1114112K
  class space    used 6466K, committed 7104K, reserved 1048576K
}
Event: 16.629 GC heap after
{Heap after GC invocations=119 (full 3):
 PSYoungGen      total 13824K, used 1433K [0x00000000d5580000, 0x00000000d6480000, 0x0000000100000000)
  eden space 12288K, 0% used [0x00000000d5580000,0x00000000d5580000,0x00000000d6180000)
  from space 1536K, 93% used [0x00000000d6300000,0x00000000d6466618,0x00000000d6480000)
  to   space 1536K, 0% used [0x00000000d6180000,0x00000000d6180000,0x00000000d6300000)
 ParOldGen       total 86016K, used 85968K [0x0000000080000000, 0x0000000085400000, 0x00000000d5580000)
  object space 86016K, 99% used [0x0000000080000000,0x00000000853f42a8,0x0000000085400000)
 Metaspace       used 61253K, committed 62720K, reserved 1114112K
  class space    used 6466K, committed 7104K, reserved 1048576K
}
Event: 16.747 GC heap before
{Heap before GC invocations=120 (full 3):
 PSYoungGen      total 13824K, used 13721K [0x00000000d5580000, 0x00000000d6480000, 0x0000000100000000)
  eden space 12288K, 100% used [0x00000000d5580000,0x00000000d6180000,0x00000000d6180000)
  from space 1536K, 93% used [0x00000000d6300000,0x00000000d6466618,0x00000000d6480000)
  to   space 1536K, 0% used [0x00000000d6180000,0x00000000d6180000,0x00000000d6300000)
 ParOldGen       total 86016K, used 85968K [0x0000000080000000, 0x0000000085400000, 0x00000000d5580000)
  object space 86016K, 99% used [0x0000000080000000,0x00000000853f42a8,0x0000000085400000)
 Metaspace       used 61677K, committed 63168K, reserved 1114112K
  class space    used 6514K, committed 7168K, reserved 1048576K
}
Event: 16.749 GC heap after
{Heap after GC invocations=120 (full 3):
 PSYoungGen      total 13824K, used 880K [0x00000000d5580000, 0x00000000d6480000, 0x0000000100000000)
  eden space 12288K, 0% used [0x00000000d5580000,0x00000000d5580000,0x00000000d6180000)
  from space 1536K, 57% used [0x00000000d6180000,0x00000000d625c010,0x00000000d6300000)
  to   space 1536K, 0% used [0x00000000d6300000,0x00000000d6300000,0x00000000d6480000)
 ParOldGen       total 87552K, used 87062K [0x0000000080000000, 0x0000000085580000, 0x00000000d5580000)
  object space 87552K, 99% used [0x0000000080000000,0x0000000085505928,0x0000000085580000)
 Metaspace       used 61677K, committed 63168K, reserved 1114112K
  class space    used 6514K, committed 7168K, reserved 1048576K
}
Event: 16.866 GC heap before
{Heap before GC invocations=121 (full 3):
 PSYoungGen      total 13824K, used 13168K [0x00000000d5580000, 0x00000000d6480000, 0x0000000100000000)
  eden space 12288K, 100% used [0x00000000d5580000,0x00000000d6180000,0x00000000d6180000)
  from space 1536K, 57% used [0x00000000d6180000,0x00000000d625c010,0x00000000d6300000)
  to   space 1536K, 0% used [0x00000000d6300000,0x00000000d6300000,0x00000000d6480000)
 ParOldGen       total 87552K, used 87062K [0x0000000080000000, 0x0000000085580000, 0x00000000d5580000)
  object space 87552K, 99% used [0x0000000080000000,0x0000000085505928,0x0000000085580000)
 Metaspace       used 61958K, committed 63424K, reserved 1114112K
  class space    used 6530K, committed 7168K, reserved 1048576K
}
Event: 16.869 GC heap after
{Heap after GC invocations=121 (full 3):
 PSYoungGen      total 13824K, used 1059K [0x00000000d5580000, 0x00000000d6480000, 0x0000000100000000)
  eden space 12288K, 0% used [0x00000000d5580000,0x00000000d5580000,0x00000000d6180000)
  from space 1536K, 68% used [0x00000000d6300000,0x00000000d6408d58,0x00000000d6480000)
  to   space 1536K, 0% used [0x00000000d6180000,0x00000000d6180000,0x00000000d6300000)
 ParOldGen       total 88064K, used 87578K [0x0000000080000000, 0x0000000085600000, 0x00000000d5580000)
  object space 88064K, 99% used [0x0000000080000000,0x00000000855869b0,0x0000000085600000)
 Metaspace       used 61958K, committed 63424K, reserved 1114112K
  class space    used 6530K, committed 7168K, reserved 1048576K
}
Event: 17.194 GC heap before
{Heap before GC invocations=122 (full 3):
 PSYoungGen      total 13824K, used 13347K [0x00000000d5580000, 0x00000000d6480000, 0x0000000100000000)
  eden space 12288K, 100% used [0x00000000d5580000,0x00000000d6180000,0x00000000d6180000)
  from space 1536K, 68% used [0x00000000d6300000,0x00000000d6408d58,0x00000000d6480000)
  to   space 1536K, 0% used [0x00000000d6180000,0x00000000d6180000,0x00000000d6300000)
 ParOldGen       total 88064K, used 87578K [0x0000000080000000, 0x0000000085600000, 0x00000000d5580000)
  object space 88064K, 99% used [0x0000000080000000,0x00000000855869b0,0x0000000085600000)
 Metaspace       used 63011K, committed 64512K, reserved 1114112K
  class space    used 6632K, committed 7296K, reserved 1048576K
}
Event: 17.196 GC heap after
{Heap after GC invocations=122 (full 3):
 PSYoungGen      total 13312K, used 927K [0x00000000d5580000, 0x00000000d6380000, 0x0000000100000000)
  eden space 12288K, 0% used [0x00000000d5580000,0x00000000d5580000,0x00000000d6180000)
  from space 1024K, 90% used [0x00000000d6180000,0x00000000d6267f20,0x00000000d6280000)
  to   space 1024K, 0% used [0x00000000d6280000,0x00000000d6280000,0x00000000d6380000)
 ParOldGen       total 88576K, used 88223K [0x0000000080000000, 0x0000000085680000, 0x00000000d5580000)
  object space 88576K, 99% used [0x0000000080000000,0x0000000085627f08,0x0000000085680000)
 Metaspace       used 63011K, committed 64512K, reserved 1114112K
  class space    used 6632K, committed 7296K, reserved 1048576K
}
Event: 17.331 GC heap before
{Heap before GC invocations=123 (full 3):
 PSYoungGen      total 13312K, used 13215K [0x00000000d5580000, 0x00000000d6380000, 0x0000000100000000)
  eden space 12288K, 100% used [0x00000000d5580000,0x00000000d6180000,0x00000000d6180000)
  from space 1024K, 90% used [0x00000000d6180000,0x00000000d6267f20,0x00000000d6280000)
  to   space 1024K, 0% used [0x00000000d6280000,0x00000000d6280000,0x00000000d6380000)
 ParOldGen       total 88576K, used 88223K [0x0000000080000000, 0x0000000085680000, 0x00000000d5580000)
  object space 88576K, 99% used [0x0000000080000000,0x0000000085627f08,0x0000000085680000)
 Metaspace       used 63268K, committed 64768K, reserved 1114112K
  class space    used 6645K, committed 7296K, reserved 1048576K
}
Event: 17.333 GC heap after
{Heap after GC invocations=123 (full 3):
 PSYoungGen      total 12288K, used 1006K [0x00000000d5580000, 0x00000000d6580000, 0x0000000100000000)
  eden space 11264K, 0% used [0x00000000d5580000,0x00000000d5580000,0x00000000d6080000)
  from space 1024K, 98% used [0x00000000d6280000,0x00000000d637b9f0,0x00000000d6380000)
  to   space 2048K, 0% used [0x00000000d6080000,0x00000000d6080000,0x00000000d6280000)
 ParOldGen       total 89088K, used 88996K [0x0000000080000000, 0x0000000085700000, 0x00000000d5580000)
  object space 89088K, 99% used [0x0000000080000000,0x00000000856e93a0,0x0000000085700000)
 Metaspace       used 63268K, committed 64768K, reserved 1114112K
  class space    used 6645K, committed 7296K, reserved 1048576K
}

