# JRE version: OpenJDK Runtime Environment Temurin-21.0.9+10 (21.0.9+10) (build 21.0.9+10-LTS)
# Java VM: OpenJDK 64-Bit Server VM Temurin-21.0.9+10 (21.0.9+10-LTS, mixed mode, sharing, tiered, compressed oops, compressed class ptrs, parallel gc, windows-amd64)
GC Precious Log:
 CardTable entry size: 512
 CPUs: 16 total, 16 available
 Memory: 16063M
 Large Page Support: Disabled
 NUMA Support: Disabled
 Compressed Oops: Enabled (32-bit)
 Alignments: Space 512K, Generation 512K, Heap 2M
 Heap Min Capacity: 100M
 Heap Initial Capacity: 100M
 Heap Max Capacity: 2G
 Pre-touch: Disabled
 Parallel Workers: 13
Heap:
 PSYoungGen      total 23040K, used 19586K [0x00000000d5580000, 0x00000000d7100000, 0x0000000100000000)
  eden space 22016K, 85% used [0x00000000d5580000,0x00000000d67d2ea8,0x00000000d6b00000)
  from space 1024K, 80% used [0x00000000d7000000,0x00000000d70cdac0,0x00000000d7100000)
  to   space 1536K, 0% used [0x00000000d6e00000,0x00000000d6e00000,0x00000000d6f80000)
 ParOldGen       total 68608K, used 53876K [0x0000000080000000, 0x0000000084300000, 0x00000000d5580000)
  object space 68608K, 78% used [0x0000000080000000,0x000000008349d1f0,0x0000000084300000)
 Metaspace       used 55430K, committed 56896K, reserved 1114112K
  class space    used 5984K, committed 6656K, reserved 1048576K
GC Heap History (20 events):
Event: 7.557 GC heap before
{Heap before GC invocations=25 (full 2):
 PSYoungGen      total 22528K, used 22528K [0x00000000d5580000, 0x00000000d7700000, 0x0000000100000000)
  eden space 22016K, 100% used [0x00000000d5580000,0x00000000d6b00000,0x00000000d6b00000)
  from space 512K, 100% used [0x00000000d7680000,0x00000000d7700000,0x00000000d7700000)
  to   space 1024K, 0% used [0x00000000d7500000,0x00000000d7500000,0x00000000d7600000)
 ParOldGen       total 68608K, used 38233K [0x0000000080000000, 0x0000000084300000, 0x00000000d5580000)
  object space 68608K, 55% used [0x0000000080000000,0x0000000082556688,0x0000000084300000)
 Metaspace       used 48447K, committed 49792K, reserved 1114112K
  class space    used 5249K, committed 5824K, reserved 1048576K
}
Event: 7.559 GC heap after
{Heap after GC invocations=25 (full 2):
 PSYoungGen      total 23040K, used 664K [0x00000000d5580000, 0x00000000d7700000, 0x0000000100000000)
  eden space 22016K, 0% used [0x00000000d5580000,0x00000000d5580000,0x00000000d6b00000)
  from space 1024K, 64% used [0x00000000d7500000,0x00000000d75a61c8,0x00000000d7600000)
  to   space 1024K, 0% used [0x00000000d7600000,0x00000000d7600000,0x00000000d7700000)
 ParOldGen       total 68608K, used 38796K [0x0000000080000000, 0x0000000084300000, 0x00000000d5580000)
  object space 68608K, 56% used [0x0000000080000000,0x00000000825e31f8,0x0000000084300000)
 Metaspace       used 48447K, committed 49792K, reserved 1114112K
  class space    used 5249K, committed 5824K, reserved 1048576K
}
Event: 7.651 GC heap before
{Heap before GC invocations=26 (full 2):
 PSYoungGen      total 23040K, used 22680K [0x00000000d5580000, 0x00000000d7700000, 0x0000000100000000)
  eden space 22016K, 100% used [0x00000000d5580000,0x00000000d6b00000,0x00000000d6b00000)
  from space 1024K, 64% used [0x00000000d7500000,0x00000000d75a61c8,0x00000000d7600000)
  to   space 1024K, 0% used [0x00000000d7600000,0x00000000d7600000,0x00000000d7700000)
 ParOldGen       total 68608K, used 38796K [0x0000000080000000, 0x0000000084300000, 0x00000000d5580000)
  object space 68608K, 56% used [0x0000000080000000,0x00000000825e31f8,0x0000000084300000)
 Metaspace       used 48584K, committed 49920K, reserved 1114112K
  class space    used 5255K, committed 5888K, reserved 1048576K
}
Event: 7.653 GC heap after
{Heap after GC invocations=26 (full 2):
 PSYoungGen      total 23040K, used 992K [0x00000000d5580000, 0x00000000d7700000, 0x0000000100000000)
  eden space 22016K, 0% used [0x00000000d5580000,0x00000000d5580000,0x00000000d6b00000)
  from space 1024K, 96% used [0x00000000d7600000,0x00000000d76f8010,0x00000000d7700000)
  to   space 3584K, 0% used [0x00000000d7000000,0x00000000d7000000,0x00000000d7380000)
 ParOldGen       total 68608K, used 40588K [0x0000000080000000, 0x0000000084300000, 0x00000000d5580000)
  object space 68608K, 59% used [0x0000000080000000,0x00000000827a3130,0x0000000084300000)
 Metaspace       used 48584K, committed 49920K, reserved 1114112K
  class space    used 5255K, committed 5888K, reserved 1048576K
}
Event: 7.732 GC heap before
{Heap before GC invocations=27 (full 2):
 PSYoungGen      total 23040K, used 23008K [0x00000000d5580000, 0x00000000d7700000, 0x0000000100000000)
  eden space 22016K, 100% used [0x00000000d5580000,0x00000000d6b00000,0x00000000d6b00000)
  from space 1024K, 96% used [0x00000000d7600000,0x00000000d76f8010,0x00000000d7700000)
  to   space 3584K, 0% used [0x00000000d7000000,0x00000000d7000000,0x00000000d7380000)
 ParOldGen       total 68608K, used 40588K [0x0000000080000000, 0x0000000084300000, 0x00000000d5580000)
  object space 68608K, 59% used [0x0000000080000000,0x00000000827a3130,0x0000000084300000)
 Metaspace       used 48939K, committed 50304K, reserved 1114112K
  class space    used 5307K, committed 5888K, reserved 1048576K
}
Event: 7.733 GC heap after
{Heap after GC invocations=27 (full 2):
 PSYoungGen      total 25600K, used 2705K [0x00000000d5580000, 0x00000000d7680000, 0x0000000100000000)
  eden space 22016K, 0% used [0x00000000d5580000,0x00000000d5580000,0x00000000d6b00000)
  from space 3584K, 75% used [0x00000000d7000000,0x00000000d72a4420,0x00000000d7380000)
  to   space 3072K, 0% used [0x00000000d7380000,0x00000000d7380000,0x00000000d7680000)
 ParOldGen       total 68608K, used 41556K [0x0000000080000000, 0x0000000084300000, 0x00000000d5580000)
  object space 68608K, 60% used [0x0000000080000000,0x0000000082895130,0x0000000084300000)
 Metaspace       used 48939K, committed 50304K, reserved 1114112K
  class space    used 5307K, committed 5888K, reserved 1048576K
}
Event: 7.791 GC heap before
{Heap before GC invocations=28 (full 2):
 PSYoungGen      total 25600K, used 24721K [0x00000000d5580000, 0x00000000d7680000, 0x0000000100000000)
  eden space 22016K, 100% used [0x00000000d5580000,0x00000000d6b00000,0x00000000d6b00000)
  from space 3584K, 75% used [0x00000000d7000000,0x00000000d72a4420,0x00000000d7380000)
  to   space 3072K, 0% used [0x00000000d7380000,0x00000000d7380000,0x00000000d7680000)
 ParOldGen       total 68608K, used 41556K [0x0000000080000000, 0x0000000084300000, 0x00000000d5580000)
  object space 68608K, 60% used [0x0000000080000000,0x0000000082895130,0x0000000084300000)
 Metaspace       used 48947K, committed 50304K, reserved 1114112K
  class space    used 5307K, committed 5888K, reserved 1048576K
}
Event: 7.794 GC heap after
{Heap after GC invocations=28 (full 2):
 PSYoungGen      total 25088K, used 2692K [0x00000000d5580000, 0x00000000d7680000, 0x0000000100000000)
  eden space 22016K, 0% used [0x00000000d5580000,0x00000000d5580000,0x00000000d6b00000)
  from space 3072K, 87% used [0x00000000d7380000,0x00000000d7621000,0x00000000d7680000)
  to   space 3072K, 0% used [0x00000000d7080000,0x00000000d7080000,0x00000000d7380000)
 ParOldGen       total 68608K, used 44031K [0x0000000080000000, 0x0000000084300000, 0x00000000d5580000)
  object space 68608K, 64% used [0x0000000080000000,0x0000000082affe38,0x0000000084300000)
 Metaspace       used 48947K, committed 50304K, reserved 1114112K
  class space    used 5307K, committed 5888K, reserved 1048576K
}
Event: 7.841 GC heap before
{Heap before GC invocations=29 (full 2):
 PSYoungGen      total 25088K, used 24708K [0x00000000d5580000, 0x00000000d7680000, 0x0000000100000000)
  eden space 22016K, 100% used [0x00000000d5580000,0x00000000d6b00000,0x00000000d6b00000)
  from space 3072K, 87% used [0x00000000d7380000,0x00000000d7621000,0x00000000d7680000)
  to   space 3072K, 0% used [0x00000000d7080000,0x00000000d7080000,0x00000000d7380000)
 ParOldGen       total 68608K, used 44031K [0x0000000080000000, 0x0000000084300000, 0x00000000d5580000)
  object space 68608K, 64% used [0x0000000080000000,0x0000000082affe38,0x0000000084300000)
 Metaspace       used 48952K, committed 50304K, reserved 1114112K
  class space    used 5307K, committed 5888K, reserved 1048576K
}
Event: 7.844 GC heap after
{Heap after GC invocations=29 (full 2):
 PSYoungGen      total 24576K, used 2304K [0x00000000d5580000, 0x00000000d7400000, 0x0000000100000000)
  eden space 22016K, 0% used [0x00000000d5580000,0x00000000d5580000,0x00000000d6b00000)
  from space 2560K, 90% used [0x00000000d7080000,0x00000000d72c0000,0x00000000d7300000)
  to   space 1024K, 0% used [0x00000000d7300000,0x00000000d7300000,0x00000000d7400000)
 ParOldGen       total 68608K, used 46526K [0x0000000080000000, 0x0000000084300000, 0x00000000d5580000)
  object space 68608K, 67% used [0x0000000080000000,0x0000000082d6f8e8,0x0000000084300000)
 Metaspace       used 48952K, committed 50304K, reserved 1114112K
  class space    used 5307K, committed 5888K, reserved 1048576K
}
Event: 7.913 GC heap before
{Heap before GC invocations=30 (full 2):
 PSYoungGen      total 24576K, used 24320K [0x00000000d5580000, 0x00000000d7400000, 0x0000000100000000)
  eden space 22016K, 100% used [0x00000000d5580000,0x00000000d6b00000,0x00000000d6b00000)
  from space 2560K, 90% used [0x00000000d7080000,0x00000000d72c0000,0x00000000d7300000)
  to   space 1024K, 0% used [0x00000000d7300000,0x00000000d7300000,0x00000000d7400000)
 ParOldGen       total 68608K, used 46526K [0x0000000080000000, 0x0000000084300000, 0x00000000d5580000)
  object space 68608K, 67% used [0x0000000080000000,0x0000000082d6f8e8,0x0000000084300000)
 Metaspace       used 48992K, committed 50304K, reserved 1114112K
  class space    used 5308K, committed 5888K, reserved 1048576K
}
Event: 7.916 GC heap after
{Heap after GC invocations=30 (full 2):
 PSYoungGen      total 23040K, used 1024K [0x00000000d5580000, 0x00000000d7500000, 0x0000000100000000)
  eden space 22016K, 0% used [0x00000000d5580000,0x00000000d5580000,0x00000000d6b00000)
  from space 1024K, 100% used [0x00000000d7300000,0x00000000d7400000,0x00000000d7400000)
  to   space 5120K, 0% used [0x00000000d6b00000,0x00000000d6b00000,0x00000000d7000000)
 ParOldGen       total 68608K, used 49958K [0x0000000080000000, 0x0000000084300000, 0x00000000d5580000)
  object space 68608K, 72% used [0x0000000080000000,0x00000000830c9af8,0x0000000084300000)
 Metaspace       used 48992K, committed 50304K, reserved 1114112K
  class space    used 5308K, committed 5888K, reserved 1048576K
}
Event: 8.123 GC heap before
{Heap before GC invocations=31 (full 2):
 PSYoungGen      total 23040K, used 23040K [0x00000000d5580000, 0x00000000d7500000, 0x0000000100000000)
  eden space 22016K, 100% used [0x00000000d5580000,0x00000000d6b00000,0x00000000d6b00000)
  from space 1024K, 100% used [0x00000000d7300000,0x00000000d7400000,0x00000000d7400000)
  to   space 5120K, 0% used [0x00000000d6b00000,0x00000000d6b00000,0x00000000d7000000)
 ParOldGen       total 68608K, used 49958K [0x0000000080000000, 0x0000000084300000, 0x00000000d5580000)
  object space 68608K, 72% used [0x0000000080000000,0x00000000830c9af8,0x0000000084300000)
 Metaspace       used 50523K, committed 51840K, reserved 1114112K
  class space    used 5511K, committed 6080K, reserved 1048576K
}
Event: 8.125 GC heap after
{Heap after GC invocations=31 (full 2):
 PSYoungGen      total 27136K, used 1637K [0x00000000d5580000, 0x00000000d7380000, 0x0000000100000000)
  eden space 22016K, 0% used [0x00000000d5580000,0x00000000d5580000,0x00000000d6b00000)
  from space 5120K, 31% used [0x00000000d6b00000,0x00000000d6c99558,0x00000000d7000000)
  to   space 3072K, 0% used [0x00000000d7080000,0x00000000d7080000,0x00000000d7380000)
 ParOldGen       total 68608K, used 51030K [0x0000000080000000, 0x0000000084300000, 0x00000000d5580000)
  object space 68608K, 74% used [0x0000000080000000,0x00000000831d5af8,0x0000000084300000)
 Metaspace       used 50523K, committed 51840K, reserved 1114112K
  class space    used 5511K, committed 6080K, reserved 1048576K
}
Event: 8.391 GC heap before
{Heap before GC invocations=32 (full 2):
 PSYoungGen      total 27136K, used 23653K [0x00000000d5580000, 0x00000000d7380000, 0x0000000100000000)
  eden space 22016K, 100% used [0x00000000d5580000,0x00000000d6b00000,0x00000000d6b00000)
  from space 5120K, 31% used [0x00000000d6b00000,0x00000000d6c99558,0x00000000d7000000)
  to   space 3072K, 0% used [0x00000000d7080000,0x00000000d7080000,0x00000000d7380000)
 ParOldGen       total 68608K, used 51030K [0x0000000080000000, 0x0000000084300000, 0x00000000d5580000)
  object space 68608K, 74% used [0x0000000080000000,0x00000000831d5af8,0x0000000084300000)
 Metaspace       used 51981K, committed 53376K, reserved 1114112K
  class space    used 5653K, committed 6272K, reserved 1048576K
}
Event: 8.393 GC heap after
{Heap after GC invocations=32 (full 2):
 PSYoungGen      total 23040K, used 512K [0x00000000d5580000, 0x00000000d7180000, 0x0000000100000000)
  eden space 22016K, 0% used [0x00000000d5580000,0x00000000d5580000,0x00000000d6b00000)
  from space 1024K, 50% used [0x00000000d7080000,0x00000000d7100010,0x00000000d7180000)
  to   space 1536K, 0% used [0x00000000d6e80000,0x00000000d6e80000,0x00000000d7000000)
 ParOldGen       total 68608K, used 52467K [0x0000000080000000, 0x0000000084300000, 0x00000000d5580000)
  object space 68608K, 76% used [0x0000000080000000,0x000000008333cd20,0x0000000084300000)
 Metaspace       used 51981K, committed 53376K, reserved 1114112K
  class space    used 5653K, committed 6272K, reserved 1048576K
}
Event: 8.556 GC heap before
{Heap before GC invocations=33 (full 2):
 PSYoungGen      total 23040K, used 22528K [0x00000000d5580000, 0x00000000d7180000, 0x0000000100000000)
  eden space 22016K, 100% used [0x00000000d5580000,0x00000000d6b00000,0x00000000d6b00000)
  from space 1024K, 50% used [0x00000000d7080000,0x00000000d7100010,0x00000000d7180000)
  to   space 1536K, 0% used [0x00000000d6e80000,0x00000000d6e80000,0x00000000d7000000)
 ParOldGen       total 68608K, used 52467K [0x0000000080000000, 0x0000000084300000, 0x00000000d5580000)
  object space 68608K, 76% used [0x0000000080000000,0x000000008333cd20,0x0000000084300000)
 Metaspace       used 53368K, committed 54784K, reserved 1114112K
  class space    used 5782K, committed 6464K, reserved 1048576K
}
Event: 8.557 GC heap after
{Heap after GC invocations=33 (full 2):
 PSYoungGen      total 23552K, used 1511K [0x00000000d5580000, 0x00000000d7100000, 0x0000000100000000)
  eden space 22016K, 0% used [0x00000000d5580000,0x00000000d5580000,0x00000000d6b00000)
  from space 1536K, 98% used [0x00000000d6e80000,0x00000000d6ff9c00,0x00000000d7000000)
  to   space 1024K, 0% used [0x00000000d7000000,0x00000000d7000000,0x00000000d7100000)
 ParOldGen       total 68608K, used 52967K [0x0000000080000000, 0x0000000084300000, 0x00000000d5580000)
  object space 68608K, 77% used [0x0000000080000000,0x00000000833b9f88,0x0000000084300000)
 Metaspace       used 53368K, committed 54784K, reserved 1114112K
  class space    used 5782K, committed 6464K, reserved 1048576K
}
Event: 8.598 GC heap before
{Heap before GC invocations=34 (full 2):
 PSYoungGen      total 23552K, used 23527K [0x00000000d5580000, 0x00000000d7100000, 0x0000000100000000)
  eden space 22016K, 100% used [0x00000000d5580000,0x00000000d6b00000,0x00000000d6b00000)
  from space 1536K, 98% used [0x00000000d6e80000,0x00000000d6ff9c00,0x00000000d7000000)
  to   space 1024K, 0% used [0x00000000d7000000,0x00000000d7000000,0x00000000d7100000)
 ParOldGen       total 68608K, used 52967K [0x0000000080000000, 0x0000000084300000, 0x00000000d5580000)
  object space 68608K, 77% used [0x0000000080000000,0x00000000833b9f88,0x0000000084300000)
 Metaspace       used 53380K, committed 54784K, reserved 1114112K
  class space    used 5782K, committed 6464K, reserved 1048576K
}
Event: 8.599 GC heap after
{Heap after GC invocations=34 (full 2):
 PSYoungGen      total 23040K, used 822K [0x00000000d5580000, 0x00000000d7100000, 0x0000000100000000)
  eden space 22016K, 0% used [0x00000000d5580000,0x00000000d5580000,0x00000000d6b00000)
  from space 1024K, 80% used [0x00000000d7000000,0x00000000d70cdac0,0x00000000d7100000)
  to   space 1536K, 0% used [0x00000000d6e00000,0x00000000d6e00000,0x00000000d6f80000)
 ParOldGen       total 68608K, used 53876K [0x0000000080000000, 0x0000000084300000, 0x00000000d5580000)
  object space 68608K, 78% used [0x0000000080000000,0x000000008349d1f0,0x0000000084300000)
 Metaspace       used 53380K, committed 54784K, reserved 1114112K
  class space    used 5782K, committed 6464K, reserved 1048576K
}

