# JRE version: OpenJDK Runtime Environment Temurin-21.0.9+10 (21.0.9+10) (build 21.0.9+10-LTS)
# Java VM: OpenJDK 64-Bit Server VM Temurin-21.0.9+10 (21.0.9+10-LTS, mixed mode, sharing, tiered, compressed oops, compressed class ptrs, parallel gc, windows-amd64)
GC Precious Log:
 CardTable entry size: 512
 CPUs: 16 total, 16 available
 Memory: 16063M
 Large Page Support: Disabled
 NUMA Support: Disabled
 Compressed Oops: Enabled (32-bit)
 Alignments: Space 512K, Generation 512K, Heap 2M
 Heap Min Capacity: 100M
 Heap Initial Capacity: 100M
 Heap Max Capacity: 2G
 Pre-touch: Disabled
 Parallel Workers: 13
Heap:
 PSYoungGen      total 12288K, used 11058K [0x00000000d5580000, 0x00000000d6280000, 0x0000000100000000)
  eden space 11264K, 92% used [0x00000000d5580000,0x00000000d5fa0048,0x00000000d6080000)
  from space 1024K, 67% used [0x00000000d6080000,0x00000000d612c9f0,0x00000000d6180000)
  to   space 1024K, 0% used [0x00000000d6180000,0x00000000d6180000,0x00000000d6280000)
 ParOldGen       total 82944K, used 58988K [0x0000000080000000, 0x0000000085100000, 0x00000000d5580000)
  object space 82944K, 71% used [0x0000000080000000,0x000000008399b2e0,0x0000000085100000)
 Metaspace       used 65702K, committed 67072K, reserved 1114112K
  class space    used 6990K, committed 7552K, reserved 1048576K
GC Heap History (20 events):
Event: 24.648 GC heap before
{Heap before GC invocations=109 (full 3):
 PSYoungGen      total 12288K, used 12078K [0x00000000d5580000, 0x00000000d6280000, 0x0000000100000000)
  eden space 11264K, 99% used [0x00000000d5580000,0x00000000d60764e8,0x00000000d6080000)
  from space 1024K, 83% used [0x00000000d6080000,0x00000000d61553c8,0x00000000d6180000)
  to   space 1024K, 0% used [0x00000000d6180000,0x00000000d6180000,0x00000000d6280000)
 ParOldGen       total 82944K, used 55107K [0x0000000080000000, 0x0000000085100000, 0x00000000d5580000)
  object space 82944K, 66% used [0x0000000080000000,0x00000000835d0fd0,0x0000000085100000)
 Metaspace       used 60719K, committed 62080K, reserved 1114112K
  class space    used 6523K, committed 7104K, reserved 1048576K
}
Event: 24.649 GC heap after
{Heap after GC invocations=109 (full 3):
 PSYoungGen      total 12288K, used 416K [0x00000000d5580000, 0x00000000d6280000, 0x0000000100000000)
  eden space 11264K, 0% used [0x00000000d5580000,0x00000000d5580000,0x00000000d6080000)
  from space 1024K, 40% used [0x00000000d6180000,0x00000000d61e8000,0x00000000d6280000)
  to   space 1024K, 0% used [0x00000000d6080000,0x00000000d6080000,0x00000000d6180000)
 ParOldGen       total 82944K, used 55752K [0x0000000080000000, 0x0000000085100000, 0x00000000d5580000)
  object space 82944K, 67% used [0x0000000080000000,0x00000000836721f8,0x0000000085100000)
 Metaspace       used 60719K, committed 62080K, reserved 1114112K
  class space    used 6523K, committed 7104K, reserved 1048576K
}
Event: 24.756 GC heap before
{Heap before GC invocations=110 (full 3):
 PSYoungGen      total 12288K, used 11680K [0x00000000d5580000, 0x00000000d6280000, 0x0000000100000000)
  eden space 11264K, 100% used [0x00000000d5580000,0x00000000d6080000,0x00000000d6080000)
  from space 1024K, 40% used [0x00000000d6180000,0x00000000d61e8000,0x00000000d6280000)
  to   space 1024K, 0% used [0x00000000d6080000,0x00000000d6080000,0x00000000d6180000)
 ParOldGen       total 82944K, used 55752K [0x0000000080000000, 0x0000000085100000, 0x00000000d5580000)
  object space 82944K, 67% used [0x0000000080000000,0x00000000836721f8,0x0000000085100000)
 Metaspace       used 61314K, committed 62656K, reserved 1114112K
  class space    used 6582K, committed 7168K, reserved 1048576K
}
Event: 24.757 GC heap after
{Heap after GC invocations=110 (full 3):
 PSYoungGen      total 12288K, used 480K [0x00000000d5580000, 0x00000000d6200000, 0x0000000100000000)
  eden space 11264K, 0% used [0x00000000d5580000,0x00000000d5580000,0x00000000d6080000)
  from space 1024K, 46% used [0x00000000d6080000,0x00000000d60f8010,0x00000000d6180000)
  to   space 512K, 0% used [0x00000000d6180000,0x00000000d6180000,0x00000000d6200000)
 ParOldGen       total 82944K, used 55880K [0x0000000080000000, 0x0000000085100000, 0x00000000d5580000)
  object space 82944K, 67% used [0x0000000080000000,0x00000000836921f8,0x0000000085100000)
 Metaspace       used 61314K, committed 62656K, reserved 1114112K
  class space    used 6582K, committed 7168K, reserved 1048576K
}
Event: 24.843 GC heap before
{Heap before GC invocations=111 (full 3):
 PSYoungGen      total 12288K, used 11744K [0x00000000d5580000, 0x00000000d6200000, 0x0000000100000000)
  eden space 11264K, 100% used [0x00000000d5580000,0x00000000d6080000,0x00000000d6080000)
  from space 1024K, 46% used [0x00000000d6080000,0x00000000d60f8010,0x00000000d6180000)
  to   space 512K, 0% used [0x00000000d6180000,0x00000000d6180000,0x00000000d6200000)
 ParOldGen       total 82944K, used 55880K [0x0000000080000000, 0x0000000085100000, 0x00000000d5580000)
  object space 82944K, 67% used [0x0000000080000000,0x00000000836921f8,0x0000000085100000)
 Metaspace       used 62191K, committed 63488K, reserved 1114112K
  class space    used 6656K, committed 7232K, reserved 1048576K
}
Event: 24.844 GC heap after
{Heap after GC invocations=111 (full 3):
 PSYoungGen      total 11776K, used 416K [0x00000000d5580000, 0x00000000d6200000, 0x0000000100000000)
  eden space 11264K, 0% used [0x00000000d5580000,0x00000000d5580000,0x00000000d6080000)
  from space 512K, 81% used [0x00000000d6180000,0x00000000d61e8000,0x00000000d6200000)
  to   space 512K, 0% used [0x00000000d6100000,0x00000000d6100000,0x00000000d6180000)
 ParOldGen       total 82944K, used 56104K [0x0000000080000000, 0x0000000085100000, 0x00000000d5580000)
  object space 82944K, 67% used [0x0000000080000000,0x00000000836ca1f8,0x0000000085100000)
 Metaspace       used 62191K, committed 63488K, reserved 1114112K
  class space    used 6656K, committed 7232K, reserved 1048576K
}
Event: 24.863 GC heap before
{Heap before GC invocations=112 (full 3):
 PSYoungGen      total 11776K, used 11680K [0x00000000d5580000, 0x00000000d6200000, 0x0000000100000000)
  eden space 11264K, 100% used [0x00000000d5580000,0x00000000d6080000,0x00000000d6080000)
  from space 512K, 81% used [0x00000000d6180000,0x00000000d61e8000,0x00000000d6200000)
  to   space 512K, 0% used [0x00000000d6100000,0x00000000d6100000,0x00000000d6180000)
 ParOldGen       total 82944K, used 56104K [0x0000000080000000, 0x0000000085100000, 0x00000000d5580000)
  object space 82944K, 67% used [0x0000000080000000,0x00000000836ca1f8,0x0000000085100000)
 Metaspace       used 62363K, committed 63680K, reserved 1114112K
  class space    used 6669K, committed 7232K, reserved 1048576K
}
Event: 24.864 GC heap after
{Heap after GC invocations=112 (full 3):
 PSYoungGen      total 11776K, used 504K [0x00000000d5580000, 0x00000000d6480000, 0x0000000100000000)
  eden space 11264K, 0% used [0x00000000d5580000,0x00000000d5580000,0x00000000d6080000)
  from space 512K, 98% used [0x00000000d6100000,0x00000000d617e0f8,0x00000000d6180000)
  to   space 2048K, 0% used [0x00000000d6280000,0x00000000d6280000,0x00000000d6480000)
 ParOldGen       total 82944K, used 57215K [0x0000000080000000, 0x0000000085100000, 0x00000000d5580000)
  object space 82944K, 68% used [0x0000000080000000,0x00000000837dfd68,0x0000000085100000)
 Metaspace       used 62363K, committed 63680K, reserved 1114112K
  class space    used 6669K, committed 7232K, reserved 1048576K
}
Event: 24.882 GC heap before
{Heap before GC invocations=113 (full 3):
 PSYoungGen      total 11776K, used 11768K [0x00000000d5580000, 0x00000000d6480000, 0x0000000100000000)
  eden space 11264K, 100% used [0x00000000d5580000,0x00000000d6080000,0x00000000d6080000)
  from space 512K, 98% used [0x00000000d6100000,0x00000000d617e0f8,0x00000000d6180000)
  to   space 2048K, 0% used [0x00000000d6280000,0x00000000d6280000,0x00000000d6480000)
 ParOldGen       total 82944K, used 57215K [0x0000000080000000, 0x0000000085100000, 0x00000000d5580000)
  object space 82944K, 68% used [0x0000000080000000,0x00000000837dfd68,0x0000000085100000)
 Metaspace       used 62369K, committed 63680K, reserved 1114112K
  class space    used 6669K, committed 7232K, reserved 1048576K
}
Event: 24.883 GC heap after
{Heap after GC invocations=113 (full 3):
 PSYoungGen      total 13312K, used 1502K [0x00000000d5580000, 0x00000000d6480000, 0x0000000100000000)
  eden space 11264K, 0% used [0x00000000d5580000,0x00000000d5580000,0x00000000d6080000)
  from space 2048K, 73% used [0x00000000d6280000,0x00000000d63f7a90,0x00000000d6480000)
  to   space 2048K, 0% used [0x00000000d6080000,0x00000000d6080000,0x00000000d6280000)
 ParOldGen       total 82944K, used 57399K [0x0000000080000000, 0x0000000085100000, 0x00000000d5580000)
  object space 82944K, 69% used [0x0000000080000000,0x000000008380dd68,0x0000000085100000)
 Metaspace       used 62369K, committed 63680K, reserved 1114112K
  class space    used 6669K, committed 7232K, reserved 1048576K
}
Event: 24.892 GC heap before
{Heap before GC invocations=114 (full 3):
 PSYoungGen      total 13312K, used 12766K [0x00000000d5580000, 0x00000000d6480000, 0x0000000100000000)
  eden space 11264K, 100% used [0x00000000d5580000,0x00000000d6080000,0x00000000d6080000)
  from space 2048K, 73% used [0x00000000d6280000,0x00000000d63f7a90,0x00000000d6480000)
  to   space 2048K, 0% used [0x00000000d6080000,0x00000000d6080000,0x00000000d6280000)
 ParOldGen       total 82944K, used 57399K [0x0000000080000000, 0x0000000085100000, 0x00000000d5580000)
  object space 82944K, 69% used [0x0000000080000000,0x000000008380dd68,0x0000000085100000)
 Metaspace       used 62371K, committed 63680K, reserved 1114112K
  class space    used 6669K, committed 7232K, reserved 1048576K
}
Event: 24.892 GC heap after
{Heap after GC invocations=114 (full 3):
 PSYoungGen      total 12800K, used 1318K [0x00000000d5580000, 0x00000000d6380000, 0x0000000100000000)
  eden space 11264K, 0% used [0x00000000d5580000,0x00000000d5580000,0x00000000d6080000)
  from space 1536K, 85% used [0x00000000d6080000,0x00000000d61c9b30,0x00000000d6200000)
  to   space 1536K, 0% used [0x00000000d6200000,0x00000000d6200000,0x00000000d6380000)
 ParOldGen       total 82944K, used 57735K [0x0000000080000000, 0x0000000085100000, 0x00000000d5580000)
  object space 82944K, 69% used [0x0000000080000000,0x0000000083861d68,0x0000000085100000)
 Metaspace       used 62371K, committed 63680K, reserved 1114112K
  class space    used 6669K, committed 7232K, reserved 1048576K
}
Event: 24.984 GC heap before
{Heap before GC invocations=115 (full 3):
 PSYoungGen      total 12800K, used 12582K [0x00000000d5580000, 0x00000000d6380000, 0x0000000100000000)
  eden space 11264K, 100% used [0x00000000d5580000,0x00000000d6080000,0x00000000d6080000)
  from space 1536K, 85% used [0x00000000d6080000,0x00000000d61c9b30,0x00000000d6200000)
  to   space 1536K, 0% used [0x00000000d6200000,0x00000000d6200000,0x00000000d6380000)
 ParOldGen       total 82944K, used 57735K [0x0000000080000000, 0x0000000085100000, 0x00000000d5580000)
  object space 82944K, 69% used [0x0000000080000000,0x0000000083861d68,0x0000000085100000)
 Metaspace       used 63989K, committed 65344K, reserved 1114112K
  class space    used 6844K, committed 7424K, reserved 1048576K
}
Event: 24.985 GC heap after
{Heap after GC invocations=115 (full 3):
 PSYoungGen      total 11776K, used 416K [0x00000000d5580000, 0x00000000d6280000, 0x0000000100000000)
  eden space 11264K, 0% used [0x00000000d5580000,0x00000000d5580000,0x00000000d6080000)
  from space 512K, 81% used [0x00000000d6200000,0x00000000d6268000,0x00000000d6280000)
  to   space 1024K, 0% used [0x00000000d6080000,0x00000000d6080000,0x00000000d6180000)
 ParOldGen       total 82944K, used 57751K [0x0000000080000000, 0x0000000085100000, 0x00000000d5580000)
  object space 82944K, 69% used [0x0000000080000000,0x0000000083865d68,0x0000000085100000)
 Metaspace       used 63989K, committed 65344K, reserved 1114112K
  class space    used 6844K, committed 7424K, reserved 1048576K
}
Event: 25.345 GC heap before
{Heap before GC invocations=116 (full 3):
 PSYoungGen      total 11776K, used 11680K [0x00000000d5580000, 0x00000000d6280000, 0x0000000100000000)
  eden space 11264K, 100% used [0x00000000d5580000,0x00000000d6080000,0x00000000d6080000)
  from space 512K, 81% used [0x00000000d6200000,0x00000000d6268000,0x00000000d6280000)
  to   space 1024K, 0% used [0x00000000d6080000,0x00000000d6080000,0x00000000d6180000)
 ParOldGen       total 82944K, used 57751K [0x0000000080000000, 0x0000000085100000, 0x00000000d5580000)
  object space 82944K, 69% used [0x0000000080000000,0x0000000083865d68,0x0000000085100000)
 Metaspace       used 64783K, committed 66112K, reserved 1114112K
  class space    used 6923K, committed 7488K, reserved 1048576K
}
Event: 25.346 GC heap after
{Heap after GC invocations=116 (full 3):
 PSYoungGen      total 12288K, used 819K [0x00000000d5580000, 0x00000000d6280000, 0x0000000100000000)
  eden space 11264K, 0% used [0x00000000d5580000,0x00000000d5580000,0x00000000d6080000)
  from space 1024K, 79% used [0x00000000d6080000,0x00000000d614cc68,0x00000000d6180000)
  to   space 1024K, 0% used [0x00000000d6180000,0x00000000d6180000,0x00000000d6280000)
 ParOldGen       total 82944K, used 58003K [0x0000000080000000, 0x0000000085100000, 0x00000000d5580000)
  object space 82944K, 69% used [0x0000000080000000,0x00000000838a4d78,0x0000000085100000)
 Metaspace       used 64783K, committed 66112K, reserved 1114112K
  class space    used 6923K, committed 7488K, reserved 1048576K
}
Event: 25.590 GC heap before
{Heap before GC invocations=117 (full 3):
 PSYoungGen      total 12288K, used 12083K [0x00000000d5580000, 0x00000000d6280000, 0x0000000100000000)
  eden space 11264K, 100% used [0x00000000d5580000,0x00000000d6080000,0x00000000d6080000)
  from space 1024K, 79% used [0x00000000d6080000,0x00000000d614cc68,0x00000000d6180000)
  to   space 1024K, 0% used [0x00000000d6180000,0x00000000d6180000,0x00000000d6280000)
 ParOldGen       total 82944K, used 58003K [0x0000000080000000, 0x0000000085100000, 0x00000000d5580000)
  object space 82944K, 69% used [0x0000000080000000,0x00000000838a4d78,0x0000000085100000)
 Metaspace       used 65112K, committed 66432K, reserved 1114112K
  class space    used 6959K, committed 7552K, reserved 1048576K
}
Event: 25.591 GC heap after
{Heap after GC invocations=117 (full 3):
 PSYoungGen      total 12288K, used 640K [0x00000000d5580000, 0x00000000d6280000, 0x0000000100000000)
  eden space 11264K, 0% used [0x00000000d5580000,0x00000000d5580000,0x00000000d6080000)
  from space 1024K, 62% used [0x00000000d6180000,0x00000000d6220000,0x00000000d6280000)
  to   space 1024K, 0% used [0x00000000d6080000,0x00000000d6080000,0x00000000d6180000)
 ParOldGen       total 82944K, used 58610K [0x0000000080000000, 0x0000000085100000, 0x00000000d5580000)
  object space 82944K, 70% used [0x0000000080000000,0x000000008393c8a0,0x0000000085100000)
 Metaspace       used 65112K, committed 66432K, reserved 1114112K
  class space    used 6959K, committed 7552K, reserved 1048576K
}
Event: 25.886 GC heap before
{Heap before GC invocations=118 (full 3):
 PSYoungGen      total 12288K, used 11904K [0x00000000d5580000, 0x00000000d6280000, 0x0000000100000000)
  eden space 11264K, 100% used [0x00000000d5580000,0x00000000d6080000,0x00000000d6080000)
  from space 1024K, 62% used [0x00000000d6180000,0x00000000d6220000,0x00000000d6280000)
  to   space 1024K, 0% used [0x00000000d6080000,0x00000000d6080000,0x00000000d6180000)
 ParOldGen       total 82944K, used 58610K [0x0000000080000000, 0x0000000085100000, 0x00000000d5580000)
  object space 82944K, 70% used [0x0000000080000000,0x000000008393c8a0,0x0000000085100000)
 Metaspace       used 65275K, committed 66624K, reserved 1114112K
  class space    used 6970K, committed 7552K, reserved 1048576K
}
Event: 25.887 GC heap after
{Heap after GC invocations=118 (full 3):
 PSYoungGen      total 12288K, used 690K [0x00000000d5580000, 0x00000000d6280000, 0x0000000100000000)
  eden space 11264K, 0% used [0x00000000d5580000,0x00000000d5580000,0x00000000d6080000)
  from space 1024K, 67% used [0x00000000d6080000,0x00000000d612c9f0,0x00000000d6180000)
  to   space 1024K, 0% used [0x00000000d6180000,0x00000000d6180000,0x00000000d6280000)
 ParOldGen       total 82944K, used 58988K [0x0000000080000000, 0x0000000085100000, 0x00000000d5580000)
  object space 82944K, 71% used [0x0000000080000000,0x000000008399b2e0,0x0000000085100000)
 Metaspace       used 65275K, committed 66624K, reserved 1114112K
  class space    used 6970K, committed 7552K, reserved 1048576K
}

